Start testing: Aug 12 09:23 AEST
----------------------------------------------------------
1/4 Testing: test.basic_tests
1/4 Test: test.basic_tests
Command: "/tmp_amd/adams/export/adams/3/z5164744/Desktop/COMP6771/ass1/build/test/word_ladder/basic_tests"
Directory: /tmp_amd/adams/export/adams/3/z5164744/Desktop/COMP6771/ass1/build/test/word_ladder
"test.basic_tests" start time: Aug 12 09:23 AEST
Output:
----------------------------------------------------------
===============================================================================
All tests passed (25 assertions in 1 test case)

<end of output>
Test time =   0.60 sec
----------------------------------------------------------
Test Passed.
"test.basic_tests" end time: Aug 12 09:23 AEST
"test.basic_tests" time elapsed: 00:00:00
----------------------------------------------------------

2/4 Testing: test.multiple_path_tests
2/4 Test: test.multiple_path_tests
Command: "/tmp_amd/adams/export/adams/3/z5164744/Desktop/COMP6771/ass1/build/test/word_ladder/multiple_path_tests"
Directory: /tmp_amd/adams/export/adams/3/z5164744/Desktop/COMP6771/ass1/build/test/word_ladder
"test.multiple_path_tests" start time: Aug 12 09:23 AEST
Output:
----------------------------------------------------------
===============================================================================
All tests passed (25 assertions in 1 test case)

<end of output>
Test time =   0.70 sec
----------------------------------------------------------
Test Passed.
"test.multiple_path_tests" end time: Aug 12 09:23 AEST
"test.multiple_path_tests" time elapsed: 00:00:00
----------------------------------------------------------

4/4 Testing: test.word_ladder_test_benchmark
4/4 Test: test.word_ladder_test_benchmark
Command: "/tmp_amd/adams/export/adams/3/z5164744/Desktop/COMP6771/ass1/build/test/word_ladder/word_ladder_test_benchmark"
Directory: /tmp_amd/adams/export/adams/3/z5164744/Desktop/COMP6771/ass1/build/test/word_ladder
"test.word_ladder_test_benchmark" start time: Aug 12 09:23 AEST
Output:
----------------------------------------------------------
===============================================================================
All tests passed (1 assertion in 1 test case)

<end of output>
Test time =   2.05 sec
----------------------------------------------------------
Test Passed.
"test.word_ladder_test_benchmark" end time: Aug 12 09:23 AEST
"test.word_ladder_test_benchmark" time elapsed: 00:00:02
----------------------------------------------------------

3/4 Testing: test.tests_using_english_lexicon
3/4 Test: test.tests_using_english_lexicon
Command: "/tmp_amd/adams/export/adams/3/z5164744/Desktop/COMP6771/ass1/build/test/word_ladder/tests_using_english_lexicon"
Directory: /tmp_amd/adams/export/adams/3/z5164744/Desktop/COMP6771/ass1/build/test/word_ladder
"test.tests_using_english_lexicon" start time: Aug 12 09:23 AEST
Output:
----------------------------------------------------------
===============================================================================
All tests passed (18 assertions in 1 test case)

<end of output>
Test time =   7.92 sec
----------------------------------------------------------
Test Passed.
"test.tests_using_english_lexicon" end time: Aug 12 09:23 AEST
"test.tests_using_english_lexicon" time elapsed: 00:00:07
----------------------------------------------------------

End testing: Aug 12 09:23 AEST
